#
# There is insufficient memory for the Java Runtime Environment to continue.
# Native memory allocation (malloc) failed to allocate 2238016 bytes for Chunk::new
# Possible reasons:
#   The system is out of physical RAM or swap space
#   The process is running with CompressedOops enabled, and the Java Heap may be blocking the growth of the native heap
# Possible solutions:
#   Reduce memory load on the system
#   Increase physical memory or swap space
#   Check if swap backing store is full
#   Decrease Java heap size (-Xmx/-Xms)
#   Decrease number of Java threads
#   Decrease Java thread stack sizes (-Xss)
#   Set larger code cache with -XX:ReservedCodeCacheSize=
#   JVM is running with Unscaled Compressed Oops mode in which the Java heap is
#     placed in the first 4GB address space. The Java Heap base address is the
#     maximum limit for the native heap growth. Please use -XX:HeapBaseMinAddress
#     to set the Java Heap base and to place the Java Heap above 4GB virtual address.
# This output file may be truncated or incomplete.
#
#  Out of Memory Error (allocation.cpp:389), pid=13204, tid=0x0000000000001db8
#
# JRE version: OpenJDK Runtime Environment (8.0_242-b01) (build 1.8.0_242-release-1644-b01)
# Java VM: OpenJDK 64-Bit Server VM (25.242-b01 mixed mode windows-amd64 compressed oops)
# Failed to write core dump. Minidumps are not enabled by default on client versions of Windows
#

---------------  T H R E A D  ---------------

Current thread (0x0000000017cee000):  JavaThread "C2 CompilerThread1" daemon [_thread_in_native, id=7608, stack(0x0000000019440000,0x0000000019540000)]

Stack: [0x0000000019440000,0x0000000019540000]
[error occurred during error reporting (printing stack bounds), id 0xc0000005]

Native frames: (J=compiled Java code, j=interpreted, Vv=VM code, C=native code)


Current CompileTask:
C2:5777613 35044 %     4       com.android.tools.r8.ir.regalloc.a::a @ 2115 (3993 bytes)


---------------  P R O C E S S  ---------------

Java Threads: ( => current thread )
  0x000000001e443800 JavaThread "stdout" [_thread_in_native, id=4460, stack(0x000000002e950000,0x000000002ea50000)]
  0x000000001e444800 JavaThread "stderr" [_thread_in_native, id=7156, stack(0x000000002e850000,0x000000002e950000)]
  0x000000001e443000 JavaThread "pool-79-thread-1" [_thread_blocked, id=10524, stack(0x000000002e650000,0x000000002e750000)]
  0x000000001e440800 JavaThread "WorkerExecutor Queue Thread 2" [_thread_blocked, id=13856, stack(0x000000002e250000,0x000000002e350000)]
  0x000000001e439000 JavaThread "WorkerExecutor Queue" [_thread_blocked, id=6184, stack(0x000000002de50000,0x000000002df50000)]
  0x000000001e440000 JavaThread "Cache worker for execution history cache (D:\Development\Coordinates\.gradle\6.1.1\executionHistory)" [_thread_blocked, id=14164, stack(0x000000002db50000,0x000000002dc50000)]
  0x000000001e43b800 JavaThread "Execution worker for ':' Thread 3" [_thread_blocked, id=4112, stack(0x000000002da50000,0x000000002db50000)]
  0x000000001f0ab000 JavaThread "Execution worker for ':' Thread 2" [_thread_blocked, id=12344, stack(0x000000002d950000,0x000000002da50000)]
  0x000000001f0a3800 JavaThread "Execution worker for ':'" [_thread_blocked, id=9860, stack(0x000000002d450000,0x000000002d550000)]
  0x000000001f0aa800 JavaThread "Cache worker for file content cache (D:\Development\Coordinates\.gradle\6.1.1\fileContent)" [_thread_blocked, id=10260, stack(0x000000002ac90000,0x000000002ad90000)]
  0x000000001f0a9800 JavaThread "Cache worker for Build Output Cleanup Cache (D:\Development\Coordinates\.gradle\buildOutputCleanup)" [_thread_blocked, id=14000, stack(0x000000002a700000,0x000000002a800000)]
  0x000000001f0a8000 JavaThread "Build operations Thread 4" [_thread_blocked, id=11460, stack(0x0000000028620000,0x0000000028720000)]
  0x000000001f09c000 JavaThread "Build operations Thread 3" [_thread_blocked, id=7016, stack(0x0000000027f20000,0x0000000028020000)]
  0x000000001f0a3000 JavaThread "Build operations Thread 2" [_thread_blocked, id=2928, stack(0x00000000257b0000,0x00000000258b0000)]
  0x000000001f0a0000 JavaThread "Build operations" [_thread_blocked, id=4860, stack(0x0000000025460000,0x0000000025560000)]
  0x000000001eb54000 JavaThread "Cache worker for cache directory md-rule (C:\Users\User\.gradle\caches\6.1.1\md-rule)" [_thread_blocked, id=4424, stack(0x00000000226a0000,0x00000000227a0000)]
  0x000000001eb4b000 JavaThread "Cache worker for cache directory md-supplier (C:\Users\User\.gradle\caches\6.1.1\md-supplier)" [_thread_blocked, id=15700, stack(0x0000000022100000,0x0000000022200000)]
  0x000000001eb52000 JavaThread "Cache worker for file hash cache (D:\Development\Coordinates\.gradle\6.1.1\fileHashes)" [_thread_blocked, id=10784, stack(0x0000000020690000,0x0000000020790000)]
  0x000000001eb51000 JavaThread "Cache worker for checksums cache (D:\Development\Coordinates\.gradle\checksums)" [_thread_blocked, id=13660, stack(0x000000001d590000,0x000000001d690000)]
  0x000000001eb4f800 JavaThread "Thread-827" [_thread_blocked, id=5752, stack(0x000000001d290000,0x000000001d390000)]
  0x000000001eb4f000 JavaThread "Stdin handler" [_thread_blocked, id=7392, stack(0x000000001d190000,0x000000001d290000)]
  0x000000001eb4a000 JavaThread "Asynchronous log dispatcher for DefaultDaemonConnection: socket connection from /127.0.0.1:52705 to /127.0.0.1:54853" [_thread_blocked, id=4844, stack(0x000000001ce90000,0x000000001cf90000)]
  0x000000001eb4e000 JavaThread "Cancel handler" [_thread_blocked, id=13756, stack(0x0000000001500000,0x0000000001600000)]
  0x000000001eb4d800 JavaThread "Handler for socket connection from /127.0.0.1:52705 to /127.0.0.1:54853" [_thread_in_native, id=6200, stack(0x00000000013e0000,0x00000000014e0000)]
  0x000000002657e800 JavaThread "RMI TCP Connection(idle)" daemon [_thread_blocked, id=13732, stack(0x0000000031f90000,0x0000000032090000)]
  0x000000002657b800 JavaThread "RMI TCP Connection(idle)" daemon [_thread_blocked, id=1348, stack(0x0000000031b60000,0x0000000031c60000)]
  0x000000001eb49800 JavaThread "Daemon worker Thread 23" [_thread_blocked, id=6892, stack(0x000000001cd90000,0x000000001ce90000)]
  0x000000001eb50800 JavaThread "Daemon Thread 23" [_thread_blocked, id=5572, stack(0x00000000012e0000,0x00000000013e0000)]
  0x000000001f0a6800 JavaThread "RMI Reaper" [_thread_blocked, id=14860, stack(0x000000002e550000,0x000000002e650000)]
  0x000000001f0a5000 JavaThread "GC Daemon" daemon [_thread_blocked, id=8240, stack(0x000000002e350000,0x000000002e450000)]
  0x000000001f0a1800 JavaThread "Cache worker for Java compile cache (C:\Users\User\.gradle\caches\6.1.1\javaCompile)" [_thread_blocked, id=6228, stack(0x000000002e750000,0x000000002e850000)]
  0x000000002657d800 JavaThread "RMI TCP Accept-0" daemon [_thread_in_native, id=15368, stack(0x000000002e450000,0x000000002e550000)]
  0x000000002657c000 JavaThread "RMI Scheduler(0)" daemon [_thread_blocked, id=10700, stack(0x000000002e150000,0x000000002e250000)]
  0x000000001eb55000 JavaThread "Cache worker for file content cache (C:\Users\User\.gradle\caches\6.1.1\fileContent)" [_thread_blocked, id=14008, stack(0x0000000027820000,0x0000000027920000)]
  0x000000001eb53800 JavaThread "Memory manager" [_thread_blocked, id=16368, stack(0x0000000027720000,0x0000000027820000)]
  0x000000001bb11800 JavaThread "Cache worker for execution history cache (C:\Users\User\.gradle\caches\6.1.1\executionHistory)" [_thread_blocked, id=9864, stack(0x0000000020790000,0x0000000020890000)]
  0x000000001bb0d000 JavaThread "Cache worker for file hash cache (C:\Users\User\.gradle\caches\6.1.1\fileHashes)" [_thread_blocked, id=10868, stack(0x000000001da90000,0x000000001db90000)]
  0x000000001bb10000 JavaThread "File lock request listener" [_thread_in_native, id=13380, stack(0x000000001d990000,0x000000001da90000)]
  0x000000001b96c000 JavaThread "Cache worker for journal cache (C:\Users\User\.gradle\caches\journal-1)" [_thread_blocked, id=15876, stack(0x000000001d890000,0x000000001d990000)]
  0x000000001b7f3800 JavaThread "Daemon periodic checks" [_thread_blocked, id=14524, stack(0x000000001cc90000,0x000000001cd90000)]
  0x000000001b79e000 JavaThread "Incoming local TCP Connector on port 52705" [_thread_in_native, id=16208, stack(0x000000001ca40000,0x000000001cb40000)]
  0x000000001b6f1800 JavaThread "Daemon health stats" [_thread_blocked, id=15868, stack(0x000000001c3e0000,0x000000001c4e0000)]
  0x0000000017d3e000 JavaThread "Service Thread" daemon [_thread_blocked, id=3512, stack(0x0000000019a40000,0x0000000019b40000)]
  0x0000000017cfd800 JavaThread "C1 CompilerThread2" daemon [_thread_blocked, id=11896, stack(0x0000000019540000,0x0000000019640000)]
=>0x0000000017cee000 JavaThread "C2 CompilerThread1" daemon [_thread_in_native, id=7608, stack(0x0000000019440000,0x0000000019540000)]
  0x0000000017cea000 JavaThread "C2 CompilerThread0" daemon [_thread_in_native, id=7436, stack(0x0000000019340000,0x0000000019440000)]
  0x0000000017ce6000 JavaThread "Attach Listener" daemon [_thread_blocked, id=11552, stack(0x0000000019240000,0x0000000019340000)]
  0x0000000017ce3000 JavaThread "Signal Dispatcher" daemon [_thread_blocked, id=14628, stack(0x0000000019140000,0x0000000019240000)]
  0x00000000030bd000 JavaThread "Finalizer" daemon [_thread_blocked, id=1416, stack(0x0000000018f30000,0x0000000019030000)]
  0x00000000030b1000 JavaThread "Reference Handler" daemon [_thread_blocked, id=1428, stack(0x0000000018e30000,0x0000000018f30000)]
  0x0000000002fc2800 JavaThread "main" [_thread_blocked, id=14816, stack(0x0000000002e90000,0x0000000002f90000)]

Other Threads:
  0x0000000017ca6800 VMThread [stack: 0x0000000018d30000,0x0000000018e30000] [id=10168]
  0x0000000019673000 WatcherThread [stack: 0x0000000019b40000,0x0000000019c40000] [id=13708]

VM state:at safepoint (normal execution)

VM Mutex/Monitor currently owned by a thread:  ([mutex/lock_event])
[0x0000000002e8d680] Threads_lock - owner thread: 0x0000000017ca6800
[0x0000000002e8cb00] Heap_lock - owner thread: 0x000000001eb49800

heap address: 0x0000000080000000, size: 2048 MB, Compressed Oops mode: 32-bit
Narrow klass base: 0x0000000000000000, Narrow klass shift: 3
Compressed class space size: 1073741824 Address: 0x0000000100000000

Heap:
 PSYoungGen      total 594944K, used 594674K [0x00000000d5580000, 0x0000000100000000, 0x0000000100000000)
  eden space 534016K, 100% used [0x00000000d5580000,0x00000000f5f00000,0x00000000f5f00000)
  from space 60928K, 99% used [0x00000000f5f00000,0x00000000f9a3c9d8,0x00000000f9a80000)
  to   space 87552K, 43% used [0x00000000faa80000,0x00000000fcfe7390,0x0000000100000000)
 ParOldGen       total 476160K, used 72944K [0x0000000080000000, 0x000000009d100000, 0x00000000d5580000)
  object space 476160K, 15% used [0x0000000080000000,0x000000008473c050,0x000000009d100000)
 Metaspace       used 165269K, capacity 175673K, committed 186480K, reserved 1210368K
  class space    used 21176K, capacity 22997K, committed 24752K, reserved 1048576K

Card table byte_map: [0x0000000012480000,0x0000000012890000] byte_map_base: 0x0000000012080000

Marking Bits: (ParMarkBitMap*) 0x000000005372f030
 Begin Bits: [0x0000000012f40000, 0x0000000014f40000)
 End Bits:   [0x0000000014f40000, 0x0000000016f40000)

Polling page: 0x0000000002e20000

CodeCache: size=245760Kb used=98433Kb max_used=98433Kb free=147326Kb
 bounds [0x00000000030c0000, 0x0000000009170000, 0x00000000120c0000]
 total_blobs=27602 nmethods=26613 adapters=899
 compilation: enabled

Compilation events (10 events):
Event: 5777.176 Thread 0x0000000017cfd800 35127       3       com.android.tools.r8.ir.optimize.Z::a (583 bytes)
Event: 5777.182 Thread 0x0000000017cfd800 nmethod 35127 0x000000000915b7d0 code [0x000000000915c0a0, 0x0000000009161d58]
Event: 5777.196 Thread 0x0000000017cfd800 35129       2       com.android.tools.r8.u.b.g1::F2 (20 bytes)
Event: 5777.196 Thread 0x0000000017cfd800 nmethod 35129 0x00000000091652d0 code [0x0000000009165460, 0x0000000009165888]
Event: 5777.201 Thread 0x0000000017cfd800 35130       2       com.android.tools.r8.u.b.G0::<init> (10 bytes)
Event: 5777.202 Thread 0x0000000017cfd800 nmethod 35130 0x0000000009139010 code [0x0000000009139180, 0x00000000091392e8]
Event: 5777.405 Thread 0x0000000017cfd800 35132 %     3       com.android.tools.r8.ir.optimize.n::a @ 294 (323 bytes)
Event: 5777.407 Thread 0x0000000017cfd800 nmethod 35132% 0x0000000009165b50 code [0x0000000009165f20, 0x0000000009167fb8]
Event: 5777.407 Thread 0x0000000017cfd800 35133       3       com.android.tools.r8.ir.optimize.n::a (323 bytes)
Event: 5777.410 Thread 0x0000000017cfd800 nmethod 35133 0x0000000009168d90 code [0x00000000091691c0, 0x000000000916b618]

GC Heap History (10 events):
Event: 4993.713 GC heap after
Heap after GC invocations=33 (full 6):
 PSYoungGen      total 626176K, used 8593K [0x00000000d5580000, 0x0000000100000000, 0x0000000100000000)
  eden space 554496K, 0% used [0x00000000d5580000,0x00000000d5580000,0x00000000f7300000)
  from space 71680K, 11% used [0x00000000f7300000,0x00000000f7b647f0,0x00000000fb900000)
  to   space 71680K, 0% used [0x00000000fba00000,0x00000000fba00000,0x0000000100000000)
 ParOldGen       total 476160K, used 72928K [0x0000000080000000, 0x000000009d100000, 0x00000000d5580000)
  object space 476160K, 15% used [0x0000000080000000,0x0000000084738050,0x000000009d100000)
 Metaspace       used 164071K, capacity 174249K, committed 186480K, reserved 1210368K
  class space    used 21028K, capacity 22761K, committed 24752K, reserved 1048576K
}
Event: 5733.988 GC heap before
{Heap before GC invocations=34 (full 6):
 PSYoungGen      total 626176K, used 563089K [0x00000000d5580000, 0x0000000100000000, 0x0000000100000000)
  eden space 554496K, 100% used [0x00000000d5580000,0x00000000f7300000,0x00000000f7300000)
  from space 71680K, 11% used [0x00000000f7300000,0x00000000f7b647f0,0x00000000fb900000)
  to   space 71680K, 0% used [0x00000000fba00000,0x00000000fba00000,0x0000000100000000)
 ParOldGen       total 476160K, used 72928K [0x0000000080000000, 0x000000009d100000, 0x00000000d5580000)
  object space 476160K, 15% used [0x0000000080000000,0x0000000084738050,0x000000009d100000)
 Metaspace       used 164325K, capacity 174427K, committed 186480K, reserved 1210368K
  class space    used 21032K, capacity 22768K, committed 24752K, reserved 1048576K
Event: 5734.018 GC heap after
Heap after GC invocations=34 (full 6):
 PSYoungGen      total 622080K, used 18156K [0x00000000d5580000, 0x00000000ffb00000, 0x0000000100000000)
  eden space 555520K, 0% used [0x00000000d5580000,0x00000000d5580000,0x00000000f7400000)
  from space 66560K, 27% used [0x00000000fba00000,0x00000000fcbbb288,0x00000000ffb00000)
  to   space 69120K, 0% used [0x00000000f7400000,0x00000000f7400000,0x00000000fb780000)
 ParOldGen       total 476160K, used 72936K [0x0000000080000000, 0x000000009d100000, 0x00000000d5580000)
  object space 476160K, 15% used [0x0000000080000000,0x000000008473a050,0x000000009d100000)
 Metaspace       used 164325K, capacity 174427K, committed 186480K, reserved 1210368K
  class space    used 21032K, capacity 22768K, committed 24752K, reserved 1048576K
}
Event: 5770.698 GC heap before
{Heap before GC invocations=35 (full 6):
 PSYoungGen      total 622080K, used 573676K [0x00000000d5580000, 0x00000000ffb00000, 0x0000000100000000)
  eden space 555520K, 100% used [0x00000000d5580000,0x00000000f7400000,0x00000000f7400000)
  from space 66560K, 27% used [0x00000000fba00000,0x00000000fcbbb288,0x00000000ffb00000)
  to   space 69120K, 0% used [0x00000000f7400000,0x00000000f7400000,0x00000000fb780000)
 ParOldGen       total 476160K, used 72936K [0x0000000080000000, 0x000000009d100000, 0x00000000d5580000)
  object space 476160K, 15% used [0x0000000080000000,0x000000008473a050,0x000000009d100000)
 Metaspace       used 165012K, capacity 175383K, committed 186480K, reserved 1210368K
  class space    used 21156K, capacity 22940K, committed 24752K, reserved 1048576K
Event: 5770.764 GC heap after
Heap after GC invocations=35 (full 6):
 PSYoungGen      total 613376K, used 57434K [0x00000000d5580000, 0x0000000100000000, 0x0000000100000000)
  eden space 555520K, 0% used [0x00000000d5580000,0x00000000d5580000,0x00000000f7400000)
  from space 57856K, 99% used [0x00000000f7400000,0x00000000fac16ac8,0x00000000fac80000)
  to   space 75776K, 0% used [0x00000000fb600000,0x00000000fb600000,0x0000000100000000)
 ParOldGen       total 476160K, used 72944K [0x0000000080000000, 0x000000009d100000, 0x00000000d5580000)
  object space 476160K, 15% used [0x0000000080000000,0x000000008473c050,0x000000009d100000)
 Metaspace       used 165012K, capacity 175383K, committed 186480K, reserved 1210368K
  class space    used 21156K, capacity 22940K, committed 24752K, reserved 1048576K
}
Event: 5772.725 GC heap before
{Heap before GC invocations=36 (full 6):
 PSYoungGen      total 613376K, used 612954K [0x00000000d5580000, 0x0000000100000000, 0x0000000100000000)
  eden space 555520K, 100% used [0x00000000d5580000,0x00000000f7400000,0x00000000f7400000)
  from space 57856K, 99% used [0x00000000f7400000,0x00000000fac16ac8,0x00000000fac80000)
  to   space 75776K, 0% used [0x00000000fb600000,0x00000000fb600000,0x0000000100000000)
 ParOldGen       total 476160K, used 72944K [0x0000000080000000, 0x000000009d100000, 0x00000000d5580000)
  object space 476160K, 15% used [0x0000000080000000,0x000000008473c050,0x000000009d100000)
 Metaspace       used 165190K, capacity 175601K, committed 186480K, reserved 1210368K
  class space    used 21176K, capacity 22997K, committed 24752K, reserved 1048576K
Event: 5772.851 GC heap after
Heap after GC invocations=36 (full 6):
 PSYoungGen      total 609792K, used 60904K [0x00000000d5580000, 0x0000000100000000, 0x0000000100000000)
  eden space 534016K, 0% used [0x00000000d5580000,0x00000000d5580000,0x00000000f5f00000)
  from space 75776K, 80% used [0x00000000fb600000,0x00000000ff17a1b8,0x0000000100000000)
  to   space 82432K, 0% used [0x00000000f5f00000,0x00000000f5f00000,0x00000000faf80000)
 ParOldGen       total 476160K, used 72944K [0x0000000080000000, 0x000000009d100000, 0x00000000d5580000)
  object space 476160K, 15% used [0x0000000080000000,0x000000008473c050,0x000000009d100000)
 Metaspace       used 165190K, capacity 175601K, committed 186480K, reserved 1210368K
  class space    used 21176K, capacity 22997K, committed 24752K, reserved 1048576K
}
Event: 5775.357 GC heap before
{Heap before GC invocations=37 (full 6):
 PSYoungGen      total 609792K, used 594920K [0x00000000d5580000, 0x0000000100000000, 0x0000000100000000)
  eden space 534016K, 100% used [0x00000000d5580000,0x00000000f5f00000,0x00000000f5f00000)
  from space 75776K, 80% used [0x00000000fb600000,0x00000000ff17a1b8,0x0000000100000000)
  to   space 82432K, 0% used [0x00000000f5f00000,0x00000000f5f00000,0x00000000faf80000)
 ParOldGen       total 476160K, used 72944K [0x0000000080000000, 0x000000009d100000, 0x00000000d5580000)
  object space 476160K, 15% used [0x0000000080000000,0x000000008473c050,0x000000009d100000)
 Metaspace       used 165252K, capacity 175665K, committed 186480K, reserved 1210368K
  class space    used 21176K, capacity 22997K, committed 24752K, reserved 1048576K
Event: 5775.432 GC heap after
Heap after GC invocations=37 (full 6):
 PSYoungGen      total 594944K, used 60658K [0x00000000d5580000, 0x0000000100000000, 0x0000000100000000)
  eden space 534016K, 0% used [0x00000000d5580000,0x00000000d5580000,0x00000000f5f00000)
  from space 60928K, 99% used [0x00000000f5f00000,0x00000000f9a3c9d8,0x00000000f9a80000)
  to   space 87552K, 0% used [0x00000000faa80000,0x00000000faa80000,0x0000000100000000)
 ParOldGen       total 476160K, used 72944K [0x0000000080000000, 0x000000009d100000, 0x00000000d5580000)
  object space 476160K, 15% used [0x0000000080000000,0x000000008473c050,0x000000009d100000)
 Metaspace       used 165252K, capacity 175665K, committed 186480K, reserved 1210368K
  class space    used 21176K, capacity 22997K, committed 24752K, reserved 1048576K
}
Event: 5777.560 GC heap before
{Heap before GC invocations=38 (full 6):
 PSYoungGen      total 594944K, used 594674K [0x00000000d5580000, 0x0000000100000000, 0x0000000100000000)
  eden space 534016K, 100% used [0x00000000d5580000,0x00000000f5f00000,0x00000000f5f00000)
  from space 60928K, 99% used [0x00000000f5f00000,0x00000000f9a3c9d8,0x00000000f9a80000)
  to   space 87552K, 0% used [0x00000000faa80000,0x00000000faa80000,0x0000000100000000)
 ParOldGen       total 476160K, used 72944K [0x0000000080000000, 0x000000009d100000, 0x00000000d5580000)
  object space 476160K, 15% used [0x0000000080000000,0x000000008473c050,0x000000009d100000)
 Metaspace       used 165269K, capacity 175673K, committed 186480K, reserved 1210368K
  class space    used 21176K, capacity 22997K, committed 24752K, reserved 1048576K

Deoptimization events (10 events):
Event: 5772.112 Thread 0x000000001eb49800 Uncommon trap: reason=array_check action=maybe_recompile pc=0x0000000006608480 method=java.util.TimSort.mergeHi(IIII)V @ 250
Event: 5772.113 Thread 0x000000001eb49800 Uncommon trap: reason=array_check action=maybe_recompile pc=0x00000000068cbd40 method=java.util.TimSort.mergeLo(IIII)V @ 212
Event: 5772.113 Thread 0x000000001eb49800 Uncommon trap: reason=array_check action=maybe_recompile pc=0x0000000006d3119c method=java.util.TimSort.mergeLo(IIII)V @ 245
Event: 5772.169 Thread 0x000000001e43b800 Uncommon trap: reason=class_check action=maybe_recompile pc=0x0000000008ed1850 method=com.android.tools.r8.v.a.a.a.f.U.equals(Ljava/lang/Object;)Z @ 1
Event: 5773.401 Thread 0x000000001f0a3800 Uncommon trap: reason=unstable_if action=reinterpret pc=0x0000000006a00bcc method=com.android.tools.r8.ir.conversion.N.a(Lcom/android/tools/r8/graph/T;)Lcom/android/tools/r8/u/b/W; @ 1696
Event: 5773.411 Thread 0x000000001f0a3800 Uncommon trap: reason=unstable_if action=reinterpret pc=0x0000000008d97514 method=com.android.tools.r8.ir.optimize.g.a(Lcom/android/tools/r8/u/b/n;Lcom/android/tools/r8/u/b/n;)Z @ 121
Event: 5774.632 Thread 0x000000001f0ab000 Uncommon trap: reason=array_check action=maybe_recompile pc=0x00000000068cbd40 method=java.util.TimSort.mergeLo(IIII)V @ 212
Event: 5774.652 Thread 0x000000001f0a3800 Uncommon trap: reason=class_check action=maybe_recompile pc=0x0000000006ecd878 method=com.android.tools.r8.v.a.a.a.f.U.equals(Ljava/lang/Object;)Z @ 1
Event: 5775.118 Thread 0x000000001e43b800 Uncommon trap: reason=unstable_if action=reinterpret pc=0x000000000901ac44 method=com.android.tools.r8.ir.optimize.Z.a(Lcom/android/tools/r8/u/b/n;Lcom/android/tools/r8/ir/regalloc/e;Ljava/util/Set;Lcom/android/tools/r8/ir/optimize/C;)V @ 159
Event: 5775.705 Thread 0x000000001f0a3800 Uncommon trap: reason=speculate_class_check action=maybe_recompile pc=0x000000000826e87c method=com.android.tools.r8.ir.conversion.K.a()Lcom/android/tools/r8/graph/E; @ 851

Classes redefined (0 events):
No events

Internal exceptions (10 events):
Event: 5771.155 Thread 0x000000001f0ab000 Exception <a 'sun/nio/fs/WindowsException'> (0x00000000db56b400) thrown at [C:\src\AOSP-openjdk-git\hotspot\src\share\vm\prims\jni.cpp, line 710]
Event: 5771.679 Thread 0x000000001f0ab000 Exception <a 'sun/nio/fs/WindowsException'> (0x00000000e40c0418) thrown at [C:\src\AOSP-openjdk-git\hotspot\src\share\vm\prims\jni.cpp, line 710]
Event: 5772.135 Thread 0x000000001eb49800 Exception <a 'sun/nio/fs/WindowsException'> (0x00000000ef4d9a80) thrown at [C:\src\AOSP-openjdk-git\hotspot\src\share\vm\prims\jni.cpp, line 710]
Event: 5773.600 Thread 0x000000001eb49800 Exception <a 'sun/nio/fs/WindowsException'> (0x00000000dbca9270) thrown at [C:\src\AOSP-openjdk-git\hotspot\src\share\vm\prims\jni.cpp, line 710]
Event: 5773.610 Thread 0x000000001eb49800 Exception <a 'sun/nio/fs/WindowsException'> (0x00000000dbe41a60) thrown at [C:\src\AOSP-openjdk-git\hotspot\src\share\vm\prims\jni.cpp, line 710]
Event: 5774.256 Thread 0x000000001eb49800 Exception <a 'sun/nio/fs/WindowsException'> (0x00000000e3e91310) thrown at [C:\src\AOSP-openjdk-git\hotspot\src\share\vm\prims\jni.cpp, line 710]
Event: 5774.717 Thread 0x000000001f0ab000 Exception <a 'sun/nio/fs/WindowsException'> (0x00000000eaf1f4a0) thrown at [C:\src\AOSP-openjdk-git\hotspot\src\share\vm\prims\jni.cpp, line 710]
Event: 5775.282 Thread 0x000000001f0ab000 Exception <a 'sun/nio/fs/WindowsException'> (0x00000000f49f78e0) thrown at [C:\src\AOSP-openjdk-git\hotspot\src\share\vm\prims\jni.cpp, line 710]
Event: 5775.611 Thread 0x000000001f0ab000 Exception <a 'sun/nio/fs/WindowsException'> (0x00000000d91b8df8) thrown at [C:\src\AOSP-openjdk-git\hotspot\src\share\vm\prims\jni.cpp, line 710]
Event: 5776.106 Thread 0x000000001f0ab000 Exception <a 'sun/nio/fs/WindowsException'> (0x00000000e2828768) thrown at [C:\src\AOSP-openjdk-git\hotspot\src\share\vm\prims\jni.cpp, line 710]

Events (10 events):
Event: 5777.522 Thread 0x000000001f0ab000 DEOPT UNPACKING pc=0x00000000031075d0 sp=0x000000002da4ba98 mode 0
Event: 5777.523 Thread 0x000000001f0ab000 DEOPT PACKING pc=0x0000000008ff6ff0 sp=0x000000002da4bc30
Event: 5777.523 Thread 0x000000001f0ab000 DEOPT UNPACKING pc=0x00000000031075d0 sp=0x000000002da4ba78 mode 0
Event: 5777.527 Thread 0x000000001f0ab000 DEOPT PACKING pc=0x0000000006f57981 sp=0x000000002da4bdf0
Event: 5777.527 Thread 0x000000001f0ab000 DEOPT UNPACKING pc=0x00000000031075d0 sp=0x000000002da4bb88 mode 0
Event: 5777.529 Thread 0x000000001f0ab000 DEOPT PACKING pc=0x00000000069d4095 sp=0x000000002da4be00
Event: 5777.529 Thread 0x000000001f0ab000 DEOPT UNPACKING pc=0x00000000031075d0 sp=0x000000002da4bcf0 mode 0
Event: 5777.530 Thread 0x000000001f0ab000 DEOPT PACKING pc=0x0000000008d930d4 sp=0x000000002da4c060
Event: 5777.530 Thread 0x000000001f0ab000 DEOPT UNPACKING pc=0x00000000031075d0 sp=0x000000002da4bdc8 mode 0
Event: 5777.560 Executing VM operation: ParallelGCFailedAllocation


Dynamic libraries:
0x00007ff6abc30000 - 0x00007ff6abc61000 	C:\Program Files\Android\Android Studio\jre\bin\java.exe
0x00007ffcfb660000 - 0x00007ffcfb850000 	C:\WINDOWS\SYSTEM32\ntdll.dll
0x00007ffcfaf70000 - 0x00007ffcfb022000 	C:\WINDOWS\System32\KERNEL32.DLL
0x00007ffcf8760000 - 0x00007ffcf8a04000 	C:\WINDOWS\System32\KERNELBASE.dll
0x00007ffcf9ce0000 - 0x00007ffcf9d83000 	C:\WINDOWS\System32\ADVAPI32.dll
0x00007ffcfaec0000 - 0x00007ffcfaf5e000 	C:\WINDOWS\System32\msvcrt.dll
0x00007ffcfb4a0000 - 0x00007ffcfb537000 	C:\WINDOWS\System32\sechost.dll
0x00007ffcf9710000 - 0x00007ffcf9830000 	C:\WINDOWS\System32\RPCRT4.dll
0x00007ffcf9d90000 - 0x00007ffcf9f24000 	C:\WINDOWS\System32\USER32.dll
0x00007ffcf8730000 - 0x00007ffcf8751000 	C:\WINDOWS\System32\win32u.dll
0x00007ffcfacc0000 - 0x00007ffcface6000 	C:\WINDOWS\System32\GDI32.dll
0x00007ffcf8d00000 - 0x00007ffcf8e96000 	C:\WINDOWS\System32\gdi32full.dll
0x00007ffcf8c40000 - 0x00007ffcf8cde000 	C:\WINDOWS\System32\msvcp_win.dll
0x00007ffcf8a10000 - 0x00007ffcf8b0a000 	C:\WINDOWS\System32\ucrtbase.dll
0x00007ffcdd050000 - 0x00007ffcdd2d4000 	C:\WINDOWS\WinSxS\amd64_microsoft.windows.common-controls_6595b64144ccf1df_6.0.18362.959_none_e6c7bbbf130c62bb\COMCTL32.dll
0x00007ffcf9910000 - 0x00007ffcf9c45000 	C:\WINDOWS\System32\combase.dll
0x00007ffcf8b10000 - 0x00007ffcf8b90000 	C:\WINDOWS\System32\bcryptPrimitives.dll
0x00007ffcfb470000 - 0x00007ffcfb49e000 	C:\WINDOWS\System32\IMM32.DLL
0x0000000052da0000 - 0x0000000052e72000 	C:\Program Files\Android\Android Studio\jre\jre\bin\msvcr100.dll
0x0000000052f60000 - 0x00000000537ab000 	C:\Program Files\Android\Android Studio\jre\jre\bin\server\jvm.dll
0x00007ffcf9900000 - 0x00007ffcf9908000 	C:\WINDOWS\System32\PSAPI.DLL
0x00007ffcd8bb0000 - 0x00007ffcd8bb9000 	C:\WINDOWS\SYSTEM32\WSOCK32.dll
0x00007ffcf58a0000 - 0x00007ffcf58c4000 	C:\WINDOWS\SYSTEM32\WINMM.dll
0x00007ffcfae50000 - 0x00007ffcfaebf000 	C:\WINDOWS\System32\WS2_32.dll
0x00007ffcef500000 - 0x00007ffcef50a000 	C:\WINDOWS\SYSTEM32\VERSION.dll
0x00007ffcf5820000 - 0x00007ffcf584d000 	C:\WINDOWS\SYSTEM32\WINMMBASE.dll
0x00007ffcf96c0000 - 0x00007ffcf970a000 	C:\WINDOWS\System32\cfgmgr32.dll
0x00007ffcf17f0000 - 0x00007ffcf17ff000 	C:\Program Files\Android\Android Studio\jre\jre\bin\verify.dll
0x00007ffcf04a0000 - 0x00007ffcf04c9000 	C:\Program Files\Android\Android Studio\jre\jre\bin\java.dll
0x00007ffcf1050000 - 0x00007ffcf1066000 	C:\Program Files\Android\Android Studio\jre\jre\bin\zip.dll
0x00007ffcfa090000 - 0x00007ffcfa776000 	C:\WINDOWS\System32\SHELL32.dll
0x00007ffcfb240000 - 0x00007ffcfb2e9000 	C:\WINDOWS\System32\shcore.dll
0x00007ffcf8f30000 - 0x00007ffcf96b2000 	C:\WINDOWS\System32\windows.storage.dll
0x00007ffcf8590000 - 0x00007ffcf85b3000 	C:\WINDOWS\System32\profapi.dll
0x00007ffcf8540000 - 0x00007ffcf858a000 	C:\WINDOWS\System32\powrprof.dll
0x00007ffcf8510000 - 0x00007ffcf8520000 	C:\WINDOWS\System32\UMPDC.dll
0x00007ffcfac60000 - 0x00007ffcfacb2000 	C:\WINDOWS\System32\shlwapi.dll
0x00007ffcf85c0000 - 0x00007ffcf85d1000 	C:\WINDOWS\System32\kernel.appcore.dll
0x00007ffcf8ce0000 - 0x00007ffcf8cf7000 	C:\WINDOWS\System32\cryptsp.dll
0x00007ffcf3fb0000 - 0x00007ffcf3fca000 	C:\Program Files\Android\Android Studio\jre\jre\bin\net.dll
0x00007ffcf7d80000 - 0x00007ffcf7de7000 	C:\WINDOWS\system32\mswsock.dll
0x00007ffcf3f90000 - 0x00007ffcf3fa3000 	C:\Program Files\Android\Android Studio\jre\jre\bin\nio.dll
0x00007ffce7ef0000 - 0x00007ffce7f16000 	C:\Users\User\.gradle\native\31\windows-amd64\native-platform.dll
0x00007ffcea880000 - 0x00007ffcea88d000 	C:\Program Files\Android\Android Studio\jre\jre\bin\management.dll
0x00007ffcf78f0000 - 0x00007ffcf7923000 	C:\WINDOWS\system32\rsaenh.dll
0x00007ffcf8ea0000 - 0x00007ffcf8ec6000 	C:\WINDOWS\System32\bcrypt.dll
0x00007ffcf8430000 - 0x00007ffcf8455000 	C:\WINDOWS\SYSTEM32\USERENV.dll
0x00007ffcf7f50000 - 0x00007ffcf7f5c000 	C:\WINDOWS\SYSTEM32\CRYPTBASE.dll
0x00007ffcf7a90000 - 0x00007ffcf7aca000 	C:\WINDOWS\SYSTEM32\IPHLPAPI.DLL
0x00007ffcf9c50000 - 0x00007ffcf9c58000 	C:\WINDOWS\System32\NSI.dll
0x00007ffcea850000 - 0x00007ffcea866000 	C:\WINDOWS\SYSTEM32\dhcpcsvc6.DLL
0x00007ffcea7d0000 - 0x00007ffcea7ec000 	C:\WINDOWS\SYSTEM32\dhcpcsvc.DLL
0x00007ffcf7ad0000 - 0x00007ffcf7b9b000 	C:\WINDOWS\SYSTEM32\DNSAPI.dll
0x00007ffce0a00000 - 0x00007ffce0a24000 	C:\Program Files\Android\Android Studio\jre\jre\bin\sunec.dll
0x00007ffceaac0000 - 0x00007ffceaaca000 	C:\Windows\System32\rasadhlp.dll
0x00007ffcea5f0000 - 0x00007ffcea667000 	C:\WINDOWS\System32\fwpuclnt.dll
0x00007ffcea870000 - 0x00007ffcea87b000 	C:\Program Files\Android\Android Studio\jre\jre\bin\sunmscapi.dll
0x00007ffcf85e0000 - 0x00007ffcf8729000 	C:\WINDOWS\System32\CRYPT32.dll
0x00007ffcf8520000 - 0x00007ffcf8532000 	C:\WINDOWS\System32\MSASN1.dll
0x00007ffcf7570000 - 0x00007ffcf75a1000 	C:\WINDOWS\SYSTEM32\ntmarta.dll
0x00007ffcf5aa0000 - 0x00007ffcf5b2f000 	C:\WINDOWS\system32\apphelp.dll
0x00007ffce8020000 - 0x00007ffce803e000 	C:\Users\User\AppData\Local\Temp\native-platform1451826100531678837dir\native-platform.dll

VM Arguments:
jvm_args: -Xmx2048m -Dfile.encoding=windows-1251 -Duser.country=RU -Duser.language=ru -Duser.variant 
java_command: org.gradle.launcher.daemon.bootstrap.GradleDaemon 6.1.1
java_class_path (initial): C:\Users\User\.gradle\wrapper\dists\gradle-6.1.1-all\cfmwm155h49vnt3hynmlrsdst\gradle-6.1.1\lib\gradle-launcher-6.1.1.jar
Launcher Type: SUN_STANDARD

Environment Variables:
JAVA_HOME=C:\Program Files\Java\jdk-11.0.2
PATH=C:\Python38\Scripts\;C:\Python38\;C:\Program Files\Intel\iCLS Client\;C:\WINDOWS\system32;C:\WINDOWS;C:\WINDOWS\System32\Wbem;C:\WINDOWS\System32\WindowsPowerShell\v1.0\;C:\Program Files (x86)\ATI Technologies\ATI.ACE\Core-Static;C:\WINDOWS\System32\OpenSSH\;C:\Program Files\Java\jdk-11.0.2\bin;C:\Program Files\Intel\WiFi\bin\;C:\Program Files\Common Files\Intel\WirelessCommon\;C:\Program Files\MySQL\MySQL Server 8.0\bin\;C:\Program Files\Java\jdk-11.0.2\bin\;C:\Program Files (x86)\Intel\Intel(R) Management Engine Components\DAL;C:\Program Files\Intel\Intel(R) Management Engine Components\DAL;C:\Program Files (x86)\Common Files\Schneider Electric Shared\SSTA\;C:\Program Files (x86)\Common Files\Schneider Electric Shared\SRCSDK\;C:\ProgramData\chocolatey\bin;C:\Program Files\Git\cmd;C:\Program Files\MySQL\MySQL Server 8.0\bin\;C:\Users\User\AppData\Local\Microsoft\WindowsApps;C:\Users\User\AppData\Local\Android\Sdk\platform-tools;C:\Program Files\Java\jdk-11.0.2\bin;
USERNAME=User
OS=Windows_NT
PROCESSOR_IDENTIFIER=Intel64 Family 6 Model 78 Stepping 3, GenuineIntel



---------------  S Y S T E M  ---------------

OS: Windows 10.0 , 64 bit Build 18362 (10.0.18362.959)

CPU:total 4 (initial active 4) (2 cores per cpu, 2 threads per core) family 6 model 78 stepping 3, cmov, cx8, fxsr, mmx, sse, sse2, sse3, ssse3, sse4.1, sse4.2, popcnt, avx, avx2, aes, clmul, erms, 3dnowpref, lzcnt, ht, tsc, tscinvbit, bmi1, bmi2, adx

Memory: 4k page, physical 16239344k(2324164k free), swap 16239344k(5540k free)

vm_info: OpenJDK 64-Bit Server VM (25.242-b01) for windows-amd64 JRE (1.8.0_242-release-1644-b01), built by "builder" with MS VC++ 10.0 (VS2010)

time: Tue Aug 11 22:27:20 2020
timezone: RTZ 4 (зима)
elapsed time: 5777 seconds (0d 1h 36m 17s)

